This file contains any messages produced by compilers while
running configure, to aid debugging if configure makes a mistake.

It was created by configure, which was
generated by GNU Autoconf 2.69.  Invocation command line was

  $ ./configure 

## --------- ##
## Platform. ##
## --------- ##

hostname = Martins-MacBook-Pro.local
uname -m = x86_64
uname -r = 17.7.0
uname -s = Darwin
uname -v = Darwin Kernel Version 17.7.0: Thu Jun 21 22:53:14 PDT 2018; root:xnu-4570.71.2~1/RELEASE_X86_64

/usr/bin/uname -p = i386
/bin/uname -X     = unknown

/bin/arch              = unknown
/usr/bin/arch -k       = unknown
/usr/convex/getsysinfo = unknown
/usr/bin/hostinfo      = Mach kernel version:
	 Darwin Kernel Version 17.7.0: Thu Jun 21 22:53:14 PDT 2018; root:xnu-4570.71.2~1/RELEASE_X86_64
Kernel configured for up to 8 processors.
4 processors are physically available.
8 processors are logically available.
Processor type: x86_64h (Intel x86-64h Haswell)
Processors active: 0 1 2 3 4 5 6 7
Primary memory available: 16.00 gigabytes
Default processor set: 324 tasks, 1605 threads, 8 processors
Load average: 1.69, Mach factor: 6.30
/bin/machine           = unknown
/usr/bin/oslevel       = unknown
/bin/universe          = unknown

PATH: /Users/mlysy/miniconda3/condabin
PATH: /Users/mlysy/.nvm/versions/node/v12.4.0/bin
PATH: /Library/TeX/texbin/
PATH: /Library/Frameworks/Python.framework/Versions/3.7/bin
PATH: /usr/local/bin
PATH: /usr/bin
PATH: /bin
PATH: /usr/sbin
PATH: /sbin
PATH: /opt/X11/bin
PATH: /Applications/Emacs.app/Contents/MacOS/bin-x86_64-10_10
PATH: /Applications/Emacs.app/Contents/MacOS/libexec-x86_64-10_10


## ----------- ##
## Core tests. ##
## ----------- ##

configure:1854: checking for gcc
configure:1881: result: clang
configure:2110: checking for C compiler version
configure:2119: clang --version >&5
Apple LLVM version 10.0.0 (clang-1000.10.44.4)
Target: x86_64-apple-darwin17.7.0
Thread model: posix
InstalledDir: /Library/Developer/CommandLineTools/usr/bin
configure:2130: $? = 0
configure:2119: clang -v >&5
Apple LLVM version 10.0.0 (clang-1000.10.44.4)
Target: x86_64-apple-darwin17.7.0
Thread model: posix
InstalledDir: /Library/Developer/CommandLineTools/usr/bin
configure:2130: $? = 0
configure:2119: clang -V >&5
clang: error: argument to '-V' is missing (expected 1 value)
clang: error: no input files
configure:2130: $? = 1
configure:2119: clang -qversion >&5
clang: error: unknown argument: '-qversion'
clang: error: no input files
configure:2130: $? = 1
configure:2150: checking whether the C compiler works
configure:2172: clang -Wall -g -O2   conftest.c  >&5
configure:2176: $? = 0
configure:2224: result: yes
configure:2227: checking for C compiler default output file name
configure:2229: result: a.out
configure:2235: checking for suffix of executables
configure:2242: clang -o conftest -Wall -g -O2   conftest.c  >&5
configure:2246: $? = 0
configure:2268: result: 
configure:2290: checking whether we are cross compiling
configure:2298: clang -o conftest -Wall -g -O2   conftest.c  >&5
configure:2302: $? = 0
configure:2309: ./conftest
configure:2313: $? = 0
configure:2328: result: no
configure:2333: checking for suffix of object files
configure:2355: clang -c -Wall -g -O2  conftest.c >&5
configure:2359: $? = 0
configure:2380: result: o
configure:2384: checking whether we are using the GNU C compiler
configure:2403: clang -c -Wall -g -O2  conftest.c >&5
configure:2403: $? = 0
configure:2412: result: yes
configure:2421: checking whether clang accepts -g
configure:2441: clang -c -g  conftest.c >&5
configure:2441: $? = 0
configure:2482: result: yes
configure:2499: checking for clang option to accept ISO C89
configure:2562: clang  -c -Wall -g -O2  conftest.c >&5
configure:2562: $? = 0
configure:2575: result: none needed
configure:2652: checking for pkg-config
configure:2670: found /usr/local/bin/pkg-config
configure:2682: result: /usr/local/bin/pkg-config
configure:2707: checking pkg-config is at least version 0.9.0
configure:2710: result: yes
configure:2721: checking for FFTW
configure:2728: $PKG_CONFIG --exists --print-errors "fftw3"
configure:2731: $? = 0
configure:2744: $PKG_CONFIG --exists --print-errors "fftw3"
configure:2747: $? = 0
configure:2801: result: yes
configure:2966: creating ./config.status

## ---------------------- ##
## Running config.status. ##
## ---------------------- ##

This file was extended by config.status, which was
generated by GNU Autoconf 2.69.  Invocation command line was

  CONFIG_FILES    = 
  CONFIG_HEADERS  = 
  CONFIG_LINKS    = 
  CONFIG_COMMANDS = 
  $ ./config.status 

on Martins-MacBook-Pro.local

config.status:722: creating src/Makevars

## ---------------- ##
## Cache variables. ##
## ---------------- ##

ac_cv_c_compiler_gnu=yes
ac_cv_env_CC_set=
ac_cv_env_CC_value=
ac_cv_env_CFLAGS_set=
ac_cv_env_CFLAGS_value=
ac_cv_env_CPPFLAGS_set=
ac_cv_env_CPPFLAGS_value=
ac_cv_env_FFTW_CFLAGS_set=
ac_cv_env_FFTW_CFLAGS_value=
ac_cv_env_FFTW_LIBS_set=
ac_cv_env_FFTW_LIBS_value=
ac_cv_env_LDFLAGS_set=
ac_cv_env_LDFLAGS_value=
ac_cv_env_LIBS_set=
ac_cv_env_LIBS_value=
ac_cv_env_PKG_CONFIG_set=
ac_cv_env_PKG_CONFIG_value=
ac_cv_env_build_alias_set=
ac_cv_env_build_alias_value=
ac_cv_env_host_alias_set=
ac_cv_env_host_alias_value=
ac_cv_env_target_alias_set=
ac_cv_env_target_alias_value=
ac_cv_objext=o
ac_cv_path_ac_pt_PKG_CONFIG=/usr/local/bin/pkg-config
ac_cv_prog_ac_ct_CC=clang
ac_cv_prog_cc_c89=
ac_cv_prog_cc_g=yes
pkg_cv_FFTW_CFLAGS=-I/usr/local/include
pkg_cv_FFTW_LIBS='-L/usr/local/lib -lfftw3'

## ----------------- ##
## Output variables. ##
## ----------------- ##

CC='clang'
CFLAGS='-Wall -g -O2'
CPPFLAGS=''
CXXFLAGS='-O3 -ffast-math -mtune=native -march=native -Wno-unused-variable -Wno-unused-function -Wno-unknown-pragmas'
DEFS='-DPACKAGE_NAME=\"\" -DPACKAGE_TARNAME=\"\" -DPACKAGE_VERSION=\"\" -DPACKAGE_STRING=\"\" -DPACKAGE_BUGREPORT=\"\" -DPACKAGE_URL=\"\"'
ECHO_C='\c'
ECHO_N=''
ECHO_T=''
EXEEXT=''
FFTW_CFLAGS='-I/usr/local/include'
FFTW_LIBS='-L/usr/local/lib -lfftw3'
LDFLAGS=''
LIBOBJS=''
LIBS=''
LTLIBOBJS=''
OBJEXT='o'
PACKAGE_BUGREPORT=''
PACKAGE_NAME=''
PACKAGE_STRING=''
PACKAGE_TARNAME=''
PACKAGE_URL=''
PACKAGE_VERSION=''
PATH_SEPARATOR=':'
PKG_CONFIG='/usr/local/bin/pkg-config'
SHELL='/bin/sh'
ac_ct_CC='clang'
bindir='${exec_prefix}/bin'
build_alias=''
datadir='${datarootdir}'
datarootdir='${prefix}/share'
docdir='${datarootdir}/doc/${PACKAGE}'
dvidir='${docdir}'
exec_prefix='${prefix}'
host_alias=''
htmldir='${docdir}'
includedir='${prefix}/include'
infodir='${datarootdir}/info'
libdir='${exec_prefix}/lib'
libexecdir='${exec_prefix}/libexec'
localedir='${datarootdir}/locale'
localstatedir='${prefix}/var'
mandir='${datarootdir}/man'
oldincludedir='/usr/include'
pdfdir='${docdir}'
prefix='/usr/local'
program_transform_name='s,x,x,'
psdir='${docdir}'
sbindir='${exec_prefix}/sbin'
sharedstatedir='${prefix}/com'
sysconfdir='${prefix}/etc'
target_alias=''

## ----------- ##
## confdefs.h. ##
## ----------- ##

/* confdefs.h */
#define PACKAGE_NAME ""
#define PACKAGE_TARNAME ""
#define PACKAGE_VERSION ""
#define PACKAGE_STRING ""
#define PACKAGE_BUGREPORT ""
#define PACKAGE_URL ""

configure: exit 0
